<?xml version="1.0" encoding="UTF-8" ?>
<testsuite tests="2" failures="1" name="com.spring.test.TestSupplierDAO" time="0.436" errors="0" skipped="0">
  <properties>
    <property name="java.runtime.name" value="Java(TM) SE Runtime Environment"/>
    <property name="sun.boot.library.path" value="C:\Program Files\Java\jdk1.8.0_77\jre\bin"/>
    <property name="java.vm.version" value="25.77-b03"/>
    <property name="java.vm.vendor" value="Oracle Corporation"/>
    <property name="maven.multiModuleProjectDirectory" value="E:\java\ProjectWorkspace\eComm"/>
    <property name="java.vendor.url" value="http://java.oracle.com/"/>
    <property name="path.separator" value=";"/>
    <property name="guice.disable.misplaced.annotation.check" value="true"/>
    <property name="java.vm.name" value="Java HotSpot(TM) 64-Bit Server VM"/>
    <property name="file.encoding.pkg" value="sun.io"/>
    <property name="user.script" value=""/>
    <property name="user.country" value="IN"/>
    <property name="sun.java.launcher" value="SUN_STANDARD"/>
    <property name="sun.os.patch.level" value=""/>
    <property name="java.vm.specification.name" value="Java Virtual Machine Specification"/>
    <property name="user.dir" value="E:\java\ProjectWorkspace\eComm"/>
    <property name="java.runtime.version" value="1.8.0_77-b03"/>
    <property name="java.awt.graphicsenv" value="sun.awt.Win32GraphicsEnvironment"/>
    <property name="java.endorsed.dirs" value="C:\Program Files\Java\jdk1.8.0_77\jre\lib\endorsed"/>
    <property name="os.arch" value="amd64"/>
    <property name="java.io.tmpdir" value="C:\Users\Renuka\AppData\Local\Temp\"/>
    <property name="line.separator" value="
"/>
    <property name="java.vm.specification.vendor" value="Oracle Corporation"/>
    <property name="user.variant" value=""/>
    <property name="os.name" value="Windows 10"/>
    <property name="classworlds.conf" value="E:\java\ProjectWorkspace\.metadata\.plugins\org.eclipse.m2e.launching\launches\m2conf5342395605370414295.tmp"/>
    <property name="sun.jnu.encoding" value="Cp1252"/>
    <property name="java.library.path" value="C:\Program Files\Java\jdk1.8.0_77\bin;C:\WINDOWS\Sun\Java\bin;C:\WINDOWS\system32;C:\WINDOWS;C:/Program Files/Java/jdk1.8.0_77/bin/../jre/bin/server;C:/Program Files/Java/jdk1.8.0_77/bin/../jre/bin;C:/Program Files/Java/jdk1.8.0_77/bin/../jre/lib/amd64;&quot;C:\Program Files\Java\jdk1.8.0_77\bin;E:\Softwares\apache-maven-3.5.0\bin;&quot;;C:\WINDOWS\System32\Wbem;C:\Program Files\Java\jdk1.8.0_77\bin;.;C:\Program Files\Microsoft SQL Server\120\Tools\Binn\;C:\Program Files (x86)\ATI Technologies\ATI.ACE\Core-Static;C:\WINDOWS\system32;C:\WINDOWS;C:\WINDOWS\System32\WindowsPowerShell\v1.0\;E:\Softwares\apache-maven-3.5.0\bin;C:\Users\Renuka\AppData\Local\Programs\Python\Python35-32\Scripts\;C:\Users\Renuka\AppData\Local\Programs\Python\Python35-32\;C:\Program Files\Java\jdk1.8.0_77;C:\Users\Renuka\AppData\Local\Microsoft\WindowsApps;;C:\Users\Renuka\Desktop;;."/>
    <property name="java.specification.name" value="Java Platform API Specification"/>
    <property name="java.class.version" value="52.0"/>
    <property name="sun.management.compiler" value="HotSpot 64-Bit Tiered Compilers"/>
    <property name="os.version" value="10.0"/>
    <property name="user.home" value="C:\Users\Renuka"/>
    <property name="user.timezone" value="Asia/Calcutta"/>
    <property name="java.awt.printerjob" value="sun.awt.windows.WPrinterJob"/>
    <property name="java.specification.version" value="1.8"/>
    <property name="file.encoding" value="Cp1252"/>
    <property name="user.name" value="Renuka"/>
    <property name="java.class.path" value="/C:/Users/Renuka/eclipse/jee-neon/eclipse/../../../.p2/pool/plugins/org.eclipse.m2e.maven.runtime_1.7.0.20160603-1931/jars/plexus-classworlds-2.5.2.jar"/>
    <property name="java.vm.specification.version" value="1.8"/>
    <property name="sun.arch.data.model" value="64"/>
    <property name="java.home" value="C:\Program Files\Java\jdk1.8.0_77\jre"/>
    <property name="sun.java.command" value="org.codehaus.plexus.classworlds.launcher.Launcher -B install"/>
    <property name="java.specification.vendor" value="Oracle Corporation"/>
    <property name="user.language" value="en"/>
    <property name="awt.toolkit" value="sun.awt.windows.WToolkit"/>
    <property name="java.vm.info" value="mixed mode"/>
    <property name="java.version" value="1.8.0_77"/>
    <property name="java.ext.dirs" value="C:\Program Files\Java\jdk1.8.0_77\jre\lib\ext;C:\WINDOWS\Sun\Java\lib\ext"/>
    <property name="sun.boot.class.path" value="C:\Program Files\Java\jdk1.8.0_77\jre\lib\resources.jar;C:\Program Files\Java\jdk1.8.0_77\jre\lib\rt.jar;C:\Program Files\Java\jdk1.8.0_77\jre\lib\sunrsasign.jar;C:\Program Files\Java\jdk1.8.0_77\jre\lib\jsse.jar;C:\Program Files\Java\jdk1.8.0_77\jre\lib\jce.jar;C:\Program Files\Java\jdk1.8.0_77\jre\lib\charsets.jar;C:\Program Files\Java\jdk1.8.0_77\jre\lib\jfr.jar;C:\Program Files\Java\jdk1.8.0_77\jre\classes"/>
    <property name="java.vendor" value="Oracle Corporation"/>
    <property name="maven.home" value="E:\java\ProjectWorkspace\eComm\EMBEDDED"/>
    <property name="file.separator" value="\"/>
    <property name="java.vendor.url.bug" value="http://bugreport.sun.com/bugreport/"/>
    <property name="sun.cpu.endian" value="little"/>
    <property name="sun.io.unicode.encoding" value="UnicodeLittle"/>
    <property name="sun.desktop" value="windows"/>
    <property name="sun.cpu.isalist" value="amd64"/>
  </properties>
  <testcase classname="com.spring.test.TestSupplierDAO" name="createSupplierTestCase" time="0.192"/>
  <testcase classname="com.spring.test.TestSupplierDAO" name="getAllSupplierTestCase" time="0.244">
    <failure message="expected:&lt;getAllSupplierTestCase&gt; but was:&lt;3&gt;" type="java.lang.AssertionError">java.lang.AssertionError: expected:&lt;getAllSupplierTestCase&gt; but was:&lt;3&gt;
	at org.junit.Assert.fail(Assert.java:88)
	at org.junit.Assert.failNotEquals(Assert.java:743)
	at org.junit.Assert.assertEquals(Assert.java:118)
	at org.junit.Assert.assertEquals(Assert.java:144)
	at com.spring.test.TestSupplierDAO.getAllSupplierTestCase(TestSupplierDAO.java:71)
	at sun.reflect.NativeMethodAccessorImpl.invoke0(Native Method)
	at sun.reflect.NativeMethodAccessorImpl.invoke(NativeMethodAccessorImpl.java:62)
	at sun.reflect.DelegatingMethodAccessorImpl.invoke(DelegatingMethodAccessorImpl.java:43)
	at java.lang.reflect.Method.invoke(Method.java:498)
	at org.junit.runners.model.FrameworkMethod$1.runReflectiveCall(FrameworkMethod.java:47)
	at org.junit.internal.runners.model.ReflectiveCallable.run(ReflectiveCallable.java:12)
	at org.junit.runners.model.FrameworkMethod.invokeExplosively(FrameworkMethod.java:44)
	at org.junit.internal.runners.statements.InvokeMethod.evaluate(InvokeMethod.java:17)
	at org.junit.runners.ParentRunner.runLeaf(ParentRunner.java:271)
	at org.junit.runners.BlockJUnit4ClassRunner.runChild(BlockJUnit4ClassRunner.java:70)
	at org.junit.runners.BlockJUnit4ClassRunner.runChild(BlockJUnit4ClassRunner.java:50)
	at org.junit.runners.ParentRunner$3.run(ParentRunner.java:238)
	at org.junit.runners.ParentRunner$1.schedule(ParentRunner.java:63)
	at org.junit.runners.ParentRunner.runChildren(ParentRunner.java:236)
	at org.junit.runners.ParentRunner.access$000(ParentRunner.java:53)
	at org.junit.runners.ParentRunner$2.evaluate(ParentRunner.java:229)
	at org.junit.internal.runners.statements.RunBefores.evaluate(RunBefores.java:26)
	at org.junit.runners.ParentRunner.run(ParentRunner.java:309)
	at org.apache.maven.surefire.junit4.JUnit4Provider.execute(JUnit4Provider.java:252)
	at org.apache.maven.surefire.junit4.JUnit4Provider.executeTestSet(JUnit4Provider.java:141)
	at org.apache.maven.surefire.junit4.JUnit4Provider.invoke(JUnit4Provider.java:112)
	at sun.reflect.NativeMethodAccessorImpl.invoke0(Native Method)
	at sun.reflect.NativeMethodAccessorImpl.invoke(NativeMethodAccessorImpl.java:62)
	at sun.reflect.DelegatingMethodAccessorImpl.invoke(DelegatingMethodAccessorImpl.java:43)
	at java.lang.reflect.Method.invoke(Method.java:498)
	at org.apache.maven.surefire.util.ReflectionUtils.invokeMethodWithArray(ReflectionUtils.java:189)
	at org.apache.maven.surefire.booter.ProviderFactory$ProviderProxy.invoke(ProviderFactory.java:165)
	at org.apache.maven.surefire.booter.ProviderFactory.invokeProvider(ProviderFactory.java:85)
	at org.apache.maven.surefire.booter.ForkedBooter.runSuitesInProcess(ForkedBooter.java:115)
	at org.apache.maven.surefire.booter.ForkedBooter.main(ForkedBooter.java:75)
</failure>
    <system-out>Hibernate: select supplier0_.Supid as Supid1_4_, supplier0_.supplier_name as supplier2_4_ from Supplier_details supplier0_
Hibernate: select products0_.Supid as Supid3_3_0_, products0_.pid as pid1_3_0_, products0_.pid as pid1_3_1_, products0_.Catid as Catid2_3_1_, products0_.Supid as Supid3_3_1_, products0_.description as descript4_3_1_, products0_.image as image5_3_1_, products0_.price as price6_3_1_, products0_.product_name as product_7_3_1_, products0_.stock as stock8_3_1_, category1_.Catid as Catid1_2_2_, category1_.categoryDescription as category2_2_2_, category1_.categoryName as category3_2_2_ from Product_details products0_ inner join Category_details category1_ on products0_.Catid=category1_.Catid where products0_.Supid=?
Hibernate: select products0_.Supid as Supid3_3_0_, products0_.pid as pid1_3_0_, products0_.pid as pid1_3_1_, products0_.Catid as Catid2_3_1_, products0_.Supid as Supid3_3_1_, products0_.description as descript4_3_1_, products0_.image as image5_3_1_, products0_.price as price6_3_1_, products0_.product_name as product_7_3_1_, products0_.stock as stock8_3_1_, category1_.Catid as Catid1_2_2_, category1_.categoryDescription as category2_2_2_, category1_.categoryName as category3_2_2_ from Product_details products0_ inner join Category_details category1_ on products0_.Catid=category1_.Catid where products0_.Supid=?
Hibernate: select products0_.Catid as Catid2_3_0_, products0_.pid as pid1_3_0_, products0_.pid as pid1_3_1_, products0_.Catid as Catid2_3_1_, products0_.Supid as Supid3_3_1_, products0_.description as descript4_3_1_, products0_.image as image5_3_1_, products0_.price as price6_3_1_, products0_.product_name as product_7_3_1_, products0_.stock as stock8_3_1_, supplier1_.Supid as Supid1_4_2_, supplier1_.supplier_name as supplier2_4_2_ from Product_details products0_ inner join Supplier_details supplier1_ on products0_.Supid=supplier1_.Supid where products0_.Catid=?
Hibernate: select products0_.Supid as Supid3_3_0_, products0_.pid as pid1_3_0_, products0_.pid as pid1_3_1_, products0_.Catid as Catid2_3_1_, products0_.Supid as Supid3_3_1_, products0_.description as descript4_3_1_, products0_.image as image5_3_1_, products0_.price as price6_3_1_, products0_.product_name as product_7_3_1_, products0_.stock as stock8_3_1_, category1_.Catid as Catid1_2_2_, category1_.categoryDescription as category2_2_2_, category1_.categoryName as category3_2_2_ from Product_details products0_ inner join Category_details category1_ on products0_.Catid=category1_.Catid where products0_.Supid=?
</system-out>
    <system-err>Aug 22, 2017 6:23:54 PM org.hibernate.hql.internal.QueryTranslatorFactoryInitiator initiateService
INFO: HHH000397: Using ASTQueryTranslatorFactory
</system-err>
  </testcase>
</testsuite>